MulterError: Unexpected field
    at wrappedFileFilter (/home/sspranee/mls/node_modules/multer/index.js:40:19)
    at Multipart.<anonymous> (/home/sspranee/mls/node_modules/multer/lib/make-middleware.js:107:7)
    at Multipart.emit (node:events:517:28)
    at HeaderParser.cb (/home/sspranee/mls/node_modules/busboy/lib/types/multipart.js:358:14)
    at HeaderParser.push (/home/sspranee/mls/node_modules/busboy/lib/types/multipart.js:162:20)
    at SBMH.ssCb [as _cb] (/home/sspranee/mls/node_modules/busboy/lib/types/multipart.js:394:37)
    at feed (/home/sspranee/mls/node_modules/streamsearch/lib/sbmh.js:248:10)
    at SBMH.push (/home/sspranee/mls/node_modules/streamsearch/lib/sbmh.js:104:16)
    at Multipart._write (/home/sspranee/mls/node_modules/busboy/lib/types/multipart.js:567:19)
    at writeOrBuffer (node:internal/streams/writable:392:12)
MulterError: Unexpected field
    at wrappedFileFilter (/home/sspranee/mls/node_modules/multer/index.js:40:19)
    at Multipart.<anonymous> (/home/sspranee/mls/node_modules/multer/lib/make-middleware.js:107:7)
    at Multipart.emit (node:events:517:28)
    at HeaderParser.cb (/home/sspranee/mls/node_modules/busboy/lib/types/multipart.js:358:14)
    at HeaderParser.push (/home/sspranee/mls/node_modules/busboy/lib/types/multipart.js:162:20)
    at SBMH.ssCb [as _cb] (/home/sspranee/mls/node_modules/busboy/lib/types/multipart.js:394:37)
    at feed (/home/sspranee/mls/node_modules/streamsearch/lib/sbmh.js:248:10)
    at SBMH.push (/home/sspranee/mls/node_modules/streamsearch/lib/sbmh.js:104:16)
    at Multipart._write (/home/sspranee/mls/node_modules/busboy/lib/types/multipart.js:567:19)
    at writeOrBuffer (node:internal/streams/writable:392:12)
Token verification failed: jwt expired
Token verification failed: jwt expired
Token verification failed: jwt expired
